[2020-03-14T16:10:24.642010+00:00] name.WARNING: LOG START [] []
[2020-03-14T16:10:24.657011+00:00] name.WARNING: 1 [] []
[2020-03-14T16:11:52.918059+00:00] name.WARNING: LOG START [] []
[2020-03-14T16:11:52.930060+00:00] name.WARNING: id-name-grapes-country-region-year-notes-picture [] []
[2020-03-14T16:13:22.111160+00:00] name.WARNING: LOG START [] []
[2020-03-14T16:13:22.127161+00:00] name.WARNING: id-name-grapes-country-region-year-notes-picture [] []
[2020-03-14T16:13:38.285085+00:00] name.WARNING: LOG START [] []
[2020-03-14T16:13:38.291086+00:00] name.WARNING: id-name-grapes-country-region-year-description-picture [] []
[2020-03-14T16:15:10.614366+00:00] name.WARNING: LOG START [] []
[2020-03-14T16:15:10.620367+00:00] name.WARNING: id-name-grapes-country-region-year-description-picture [] []
[2020-03-21T17:06:24.688028+00:00] name.WARNING: LOG START [] []
[2020-03-21T17:06:24.697028+00:00] name.WARNING: id-name-grapes-country-region-year-description-picture [] []
[2020-03-21T17:07:10.280636+00:00] name.WARNING: LOG START [] []
[2020-03-21T17:07:10.286636+00:00] name.WARNING: id-name-grapes-country-region-year-description-picture [] []
[2020-03-21T18:05:39.732238+00:00] name.WARNING:  [] []
[2020-03-21T18:06:04.291643+00:00] name.WARNING:  [] []
[2020-03-21T18:07:23.202157+00:00] name.WARNING:  [] []
[2020-03-21T18:09:57.244967+00:00] name.WARNING:  [] []
[2020-03-21T18:16:35.278734+00:00] name.WARNING:  [] []
[2020-03-21T18:16:56.682958+00:00] name.WARNING: {"id":"","name":"fdsfdf","grapes":"fdsd","country":"dsf","region":"dfs","year":"242","description":"","picture":"http://localhost/caviste2020/moncellier/images/pics/generic.jpg"} [] []
[2020-03-21T18:18:11.722250+00:00] name.WARNING: Array [] []
[2020-03-21T18:18:31.213365+00:00] name.WARNING:  [] []
[2020-03-21T18:18:52.777598+00:00] name.WARNING: -fdsfdf-fdsd-dsf-dfs-242--http://localhost/caviste2020/moncellier/images/pics/generic.jpg [] []
